**INFO: Starting Blocking QThread with 1 CPU
   ____________________________________________________________________
__/ message from Blocking QThread
*** QThread MetricCollect [begin] (IncrReplace #1 / place_opt_design #1) : mem = 1.9M
###############################################################
#  Generated by:      Cadence Innovus 25.11-s102_1
#  OS:                Linux x86_64(Host ID ececomp2.ecn.purdue.edu)
#  Generated on:      Sat Nov 29 16:59:54 2025
#  Design:            top
#  Command:           opt_design -pre_cts
###############################################################

REPORT ANALYSIS SUMMARY (View:default_emulate_view) (EL:Setup)
=========================================================================================================================================================================================================

GroupType:*
=========================================================================================================================================================================================================

         All                             IN2REG                          IN2OUT                           REG2REG                              REG2OUT
    -----------------------------------------------------------------------------------------------------------------------------------------------------------------------------------------------------  
     WNS:TNS:#VIO                     WNS:TNS:#VIO                     WNS:TNS:#VIO                     WNS:TNS:#VIO                     WNS:TNS:#VIO                     FromClk->ToClk                   
    -----------------------------------------------------------------------------------------------------------------------------------------------------------------------------------------------------  
    -0.012:-0.042:9                  0.000:0.000:0                    0.000:0.000:0                    -0.012:-0.042:9                  0.000:0.000:0                    *->*
Ending "set_metric_timing_analysis_summary" (total cpu=0:00:00.2, real=0:00:01.0, peak res=3654.1M, current mem=2967.3M)
Ending "get_summary_setup_timing" (total cpu=0:00:00.3, real=0:00:01.0, peak res=3654.1M, current mem=2968.5M)
*** QThread MetricCollect [finish] (IncrReplace #1 / place_opt_design #1) : cpu/real = 0:00:00.3/0:00:00.3 (1.0), mem = 30.9M
_______________________________________________________________________
