###############################################################
#  Generated by:      Cadence Innovus 25.11-s102_1
#  OS:                Linux x86_64(Host ID asicfab.ecn.purdue.edu)
#  Generated on:      Sat Nov 29 02:11:06 2025
#  Design:            top
#  Command:           check_connectivity -type all
###############################################################
Verify Connectivity Report is created on Sat Nov 29 02:11:06 2025



Net VDD: dangling Wire at (77.140, 12.040) (77.140, 12.040) on layer: metal1
Net VDD: dangling Wire at (77.140, 14.840) (77.140, 14.840) on layer: metal1
Net VDD: dangling Wire at (77.140, 17.640) (77.140, 17.640) on layer: metal1
Net VDD: dangling Wire at (77.140, 20.440) (77.140, 20.440) on layer: metal1
Net VDD: dangling Wire at (77.140, 23.240) (77.140, 23.240) on layer: metal1
Net VDD: dangling Wire at (77.140, 28.840) (77.140, 28.840) on layer: metal1
Net VDD: dangling Wire at (77.140, 31.640) (77.140, 31.640) on layer: metal1
Net VDD: dangling Wire at (77.140, 34.440) (77.140, 34.440) on layer: metal1
Net VDD: dangling Wire at (77.140, 37.240) (77.140, 37.240) on layer: metal1
Net VDD: dangling Wire at (77.140, 40.040) (77.140, 40.040) on layer: metal1
Net VDD: dangling Wire at (77.140, 42.840) (77.140, 42.840) on layer: metal1
Net VDD: dangling Wire at (77.140, 45.640) (77.140, 45.640) on layer: metal1
Net VDD: dangling Wire at (77.140, 51.240) (77.140, 51.240) on layer: metal1
Net VDD: dangling Wire at (77.140, 54.040) (77.140, 54.040) on layer: metal1
Net VDD: dangling Wire at (77.140, 56.840) (77.140, 56.840) on layer: metal1
Net VDD: dangling Wire at (77.140, 59.640) (77.140, 59.640) on layer: metal1
Net VDD: dangling Wire at (77.140, 62.440) (77.140, 62.440) on layer: metal1
Net VDD: dangling Wire at (77.140, 65.240) (77.140, 65.240) on layer: metal1
Net VDD: dangling Wire at (77.140, 68.040) (77.140, 68.040) on layer: metal1
Net VDD: dangling Wire at (77.140, 70.840) (77.140, 70.840) on layer: metal1
Net VDD: dangling Wire at (77.140, 73.640) (77.140, 73.640) on layer: metal1
Net VDD: dangling Wire at (77.140, 76.440) (77.140, 76.440) on layer: metal1
Net VDD: dangling Wire at (77.140, 79.240) (77.140, 79.240) on layer: metal1
Net VDD: dangling Wire at (77.140, 82.040) (77.140, 82.040) on layer: metal1
Net VDD: dangling Wire at (77.140, 84.840) (77.140, 84.840) on layer: metal1
Net VDD: dangling Wire at (77.140, 87.640) (77.140, 87.640) on layer: metal1
Net VDD: dangling Wire at (77.140, 90.440) (77.140, 90.440) on layer: metal1
Net VDD: dangling Wire at (77.140, 93.240) (77.140, 93.240) on layer: metal1
Net VDD: dangling Wire at (77.140, 96.040) (77.140, 96.040) on layer: metal1
Net VDD: dangling Wire at (77.140, 98.840) (77.140, 98.840) on layer: metal1
Net VDD: dangling Wire at (77.140, 101.640) (77.140, 101.640) on layer: metal1
Net VDD: dangling Wire at (77.140, 104.440) (77.140, 104.440) on layer: metal1
Net VDD: dangling Wire at (77.140, 107.240) (77.140, 107.240) on layer: metal1
Net VDD: dangling Wire at (77.140, 110.040) (77.140, 110.040) on layer: metal1
Net VDD: dangling Wire at (77.140, 112.840) (77.140, 112.840) on layer: metal1
Net VDD: dangling Wire at (77.140, 115.640) (77.140, 115.640) on layer: metal1
Net VDD: dangling Wire at (77.140, 118.440) (77.140, 118.440) on layer: metal1
Net VDD: dangling Wire at (77.140, 121.240) (77.140, 121.240) on layer: metal1
Net VDD: dangling Wire at (77.140, 124.040) (77.140, 124.040) on layer: metal1
Net VDD: dangling Wire at (77.140, 126.840) (77.140, 126.840) on layer: metal1
Net VDD: dangling Wire at (77.140, 129.640) (77.140, 129.640) on layer: metal1
Net VDD: dangling Wire at (77.140, 132.440) (77.140, 132.440) on layer: metal1
Net VDD: dangling Wire at (77.140, 135.240) (77.140, 135.240) on layer: metal1
Net VDD: dangling Wire at (77.140, 138.040) (77.140, 138.040) on layer: metal1
Net VDD: dangling Wire at (77.140, 140.840) (77.140, 140.840) on layer: metal1
Net VDD: dangling Wire at (77.140, 143.640) (77.140, 143.640) on layer: metal1
Net VDD: dangling Wire at (77.140, 146.440) (77.140, 146.440) on layer: metal1
Net VDD: dangling Wire at (77.140, 149.240) (77.140, 149.240) on layer: metal1
Net VSS: dangling Wire at (8.170, 13.440) (8.170, 13.440) on layer: metal1
Net VSS: dangling Wire at (8.170, 16.240) (8.170, 16.240) on layer: metal1
Net VSS: dangling Wire at (8.170, 21.840) (8.170, 21.840) on layer: metal1
Net VSS: dangling Wire at (8.170, 27.440) (8.170, 27.440) on layer: metal1
Net VSS: dangling Wire at (8.170, 35.840) (8.170, 35.840) on layer: metal1
Net VSS: dangling Wire at (8.170, 41.440) (8.170, 41.440) on layer: metal1
Net VSS: dangling Wire at (8.170, 47.040) (8.170, 47.040) on layer: metal1
Net VSS: dangling Wire at (8.170, 49.840) (8.170, 49.840) on layer: metal1
Net VSS: dangling Wire at (8.170, 52.640) (8.170, 52.640) on layer: metal1
Net VSS: dangling Wire at (8.170, 55.440) (8.170, 55.440) on layer: metal1
Net VSS: dangling Wire at (8.170, 61.040) (8.170, 61.040) on layer: metal1
Net VSS: dangling Wire at (8.170, 63.840) (8.170, 63.840) on layer: metal1
Net VSS: dangling Wire at (8.170, 66.640) (8.170, 66.640) on layer: metal1
Net VSS: dangling Wire at (8.170, 72.240) (8.170, 72.240) on layer: metal1
Net VSS: dangling Wire at (8.170, 75.040) (8.170, 75.040) on layer: metal1
Net VSS: dangling Wire at (8.170, 83.440) (8.170, 83.440) on layer: metal1
Net VSS: dangling Wire at (8.170, 86.240) (8.170, 86.240) on layer: metal1
Net VSS: dangling Wire at (8.170, 89.040) (8.170, 89.040) on layer: metal1
Net VSS: dangling Wire at (8.170, 91.840) (8.170, 91.840) on layer: metal1
Net VSS: dangling Wire at (8.170, 94.640) (8.170, 94.640) on layer: metal1
Net VSS: dangling Wire at (8.170, 97.440) (8.170, 97.440) on layer: metal1
Net VSS: dangling Wire at (8.170, 103.040) (8.170, 103.040) on layer: metal1
Net VSS: dangling Wire at (8.170, 105.840) (8.170, 105.840) on layer: metal1
Net VSS: dangling Wire at (8.170, 114.240) (8.170, 114.240) on layer: metal1
Net VSS: dangling Wire at (8.170, 117.040) (8.170, 117.040) on layer: metal1
Net VSS: dangling Wire at (8.170, 119.840) (8.170, 119.840) on layer: metal1
Net VSS: dangling Wire at (8.170, 122.640) (8.170, 122.640) on layer: metal1
Net VSS: dangling Wire at (8.170, 125.440) (8.170, 125.440) on layer: metal1
Net VSS: dangling Wire at (8.170, 128.240) (8.170, 128.240) on layer: metal1
Net VSS: dangling Wire at (8.170, 131.040) (8.170, 131.040) on layer: metal1
Net VSS: dangling Wire at (8.170, 133.840) (8.170, 133.840) on layer: metal1
Net VSS: dangling Wire at (8.170, 136.640) (8.170, 136.640) on layer: metal1
Net VSS: dangling Wire at (8.170, 139.440) (8.170, 139.440) on layer: metal1
Net VSS: dangling Wire at (8.170, 142.240) (8.170, 142.240) on layer: metal1
Net VSS: dangling Wire at (8.170, 145.040) (8.170, 145.040) on layer: metal1
Net VSS: dangling Wire at (8.170, 147.840) (8.170, 147.840) on layer: metal1

Begin Summary
    84 Problem(s) (IMPVFC-94): The net has dangling wire(s).
    84 total info(s) created.
End Summary
