============================================================
  Generated by:           Genus(TM) Synthesis Solution 25.11-s095_1
  Generated on:           Nov 29 2025  01:30:41 am
  Module:                 top
  Technology library:     NangateOpenCellLibrary revision 1.0
  Operating conditions:   typical 
  Interconnect mode:      global
  Area mode:              physical library
============================================================

        Instance                   Module             Cell-Count  Cell-Area  Net-Area   Total-Area 
---------------------------------------------------------------------------------------------------
top                     NA                                  2278   6621.006  3448.844    10069.850 
  u_controller          controller                            48     68.894    45.457      114.351 
  u_systolic_array_top  systolic_array_top_N64              2227   6550.250  2502.313     9052.563 
    sys_array           systolic_array_N64                   853   2735.012   868.098     3603.110 
      row[0].col[0].pe  processing_element_N64                13     42.294    11.317       53.611 
        u_fp32_mac      fp32_mac                               5     26.600     3.239       29.839 
          U_ADD         fp32_add_PIPE_STAGES3                  3     15.960     1.620       17.580 
          U_MUL         fp32_mul_PIPE_STAGES2                  2     10.640     0.810       11.450 
      row[0].col[10].pe processing_element_N64_62667          13     42.294    11.317       53.611 
        u_fp32_mac      fp32_mac_102398                        5     26.600     3.239       29.839 
          U_ADD         fp32_add_PIPE_STAGES3_102335           3     15.960     1.620       17.580 
          U_MUL         fp32_mul_PIPE_STAGES2_106493           2     10.640     0.810       11.450 
      row[0].col[11].pe processing_element_N64_62666          13     42.294    11.317       53.611 
        u_fp32_mac      fp32_mac_102397                        5     26.600     3.239       29.839 
          U_ADD         fp32_add_PIPE_STAGES3_102334           3     15.960     1.620       17.580 
          U_MUL         fp32_mul_PIPE_STAGES2_106492           2     10.640     0.810       11.450 
      row[0].col[12].pe processing_element_N64_62665          13     42.294    11.317       53.611 
        u_fp32_mac      fp32_mac_102396                        5     26.600     3.239       29.839 
          U_ADD         fp32_add_PIPE_STAGES3_102333           3     15.960     1.620       17.580 
          U_MUL         fp32_mul_PIPE_STAGES2_106491           2     10.640     0.810       11.450 
      row[0].col[13].pe processing_element_N64_62664          13     42.294    11.317       53.611 
        u_fp32_mac      fp32_mac_102395                        5     26.600     3.239       29.839 
          U_ADD         fp32_add_PIPE_STAGES3_102332           3     15.960     1.620       17.580 
          U_MUL         fp32_mul_PIPE_STAGES2_106490           2     10.640     0.810       11.450 
      row[0].col[14].pe processing_element_N64_62663          13     42.294    11.317       53.611 
        u_fp32_mac      fp32_mac_102394                        5     26.600     3.239       29.839 
          U_ADD         fp32_add_PIPE_STAGES3_102331           3     15.960     1.620       17.580 
          U_MUL         fp32_mul_PIPE_STAGES2_106489           2     10.640     0.810       11.450 
      row[0].col[15].pe processing_element_N64_62662          13     42.294    11.317       53.611 
        u_fp32_mac      fp32_mac_102393                        5     26.600     3.239       29.839 
          U_ADD         fp32_add_PIPE_STAGES3_102330           3     15.960     1.620       17.580 
          U_MUL         fp32_mul_PIPE_STAGES2_106488           2     10.640     0.810       11.450 
      row[0].col[16].pe processing_element_N64_62661          13     42.294    11.317       53.611 
        u_fp32_mac      fp32_mac_102392                        5     26.600     3.239       29.839 
          U_ADD         fp32_add_PIPE_STAGES3_102329           3     15.960     1.620       17.580 
          U_MUL         fp32_mul_PIPE_STAGES2_106487           2     10.640     0.810       11.450 
      row[0].col[17].pe processing_element_N64_62660          13     42.294    11.317       53.611 
        u_fp32_mac      fp32_mac_102391                        5     26.600     3.239       29.839 
          U_ADD         fp32_add_PIPE_STAGES3_102328           3     15.960     1.620       17.580 
          U_MUL         fp32_mul_PIPE_STAGES2_106486           2     10.640     0.810       11.450 
      row[0].col[18].pe processing_element_N64_62659          13     42.294    11.317       53.611 
        u_fp32_mac      fp32_mac_102390                        5     26.600     3.239       29.839 
          U_ADD         fp32_add_PIPE_STAGES3_102327           3     15.960     1.620       17.580 
          U_MUL         fp32_mul_PIPE_STAGES2_106485           2     10.640     0.810       11.450 
      row[0].col[19].pe processing_element_N64_62658          13     42.294    11.317       53.611 
        u_fp32_mac      fp32_mac_102389                        5     26.600     3.239       29.839 
          U_ADD         fp32_add_PIPE_STAGES3_102326           3     15.960     1.620       17.580 
          U_MUL         fp32_mul_PIPE_STAGES2_106484           2     10.640     0.810       11.450 
      row[0].col[1].pe  processing_element_N64_62676          13     42.294    11.317       53.611 
        u_fp32_mac      fp32_mac_102407                        5     26.600     3.239       29.839 
          U_ADD         fp32_add_PIPE_STAGES3_102344           3     15.960     1.620       17.580 
          U_MUL         fp32_mul_PIPE_STAGES2_106502           2     10.640     0.810       11.450 
      row[0].col[20].pe processing_element_N64_62657          13     42.294    11.317       53.611 
        u_fp32_mac      fp32_mac_102388                        5     26.600     3.239       29.839 
          U_ADD         fp32_add_PIPE_STAGES3_102325           3     15.960     1.620       17.580 
          U_MUL         fp32_mul_PIPE_STAGES2_106483           2     10.640     0.810       11.450 
      row[0].col[21].pe processing_element_N64_62656          13     42.294    11.317       53.611 
        u_fp32_mac      fp32_mac_102387                        5     26.600     3.239       29.839 
          U_ADD         fp32_add_PIPE_STAGES3_102324           3     15.960     1.620       17.580 
          U_MUL         fp32_mul_PIPE_STAGES2_106482           2     10.640     0.810       11.450 
      row[0].col[22].pe processing_element_N64_62655          13     42.294    11.317       53.611 
        u_fp32_mac      fp32_mac_102386                        5     26.600     3.239       29.839 
          U_ADD         fp32_add_PIPE_STAGES3_102323           3     15.960     1.620       17.580 
          U_MUL         fp32_mul_PIPE_STAGES2_106481           2     10.640     0.810       11.450 
      row[0].col[23].pe processing_element_N64_62654          13     42.294    11.317       53.611 
        u_fp32_mac      fp32_mac_102385                        5     26.600     3.239       29.839 
          U_ADD         fp32_add_PIPE_STAGES3_102322           3     15.960     1.620       17.580 
          U_MUL         fp32_mul_PIPE_STAGES2_106480           2     10.640     0.810       11.450 
      row[0].col[24].pe processing_element_N64_62653          13     42.294    11.317       53.611 
        u_fp32_mac      fp32_mac_102384                        5     26.600     3.239       29.839 
          U_ADD         fp32_add_PIPE_STAGES3_102321           3     15.960     1.620       17.580 
          U_MUL         fp32_mul_PIPE_STAGES2_106479           2     10.640     0.810       11.450 
      row[0].col[25].pe processing_element_N64_62652          13     42.294    11.317       53.611 
        u_fp32_mac      fp32_mac_102383                        5     26.600     3.239       29.839 
          U_ADD         fp32_add_PIPE_STAGES3_102320           3     15.960     1.620       17.580 
          U_MUL         fp32_mul_PIPE_STAGES2_106478           2     10.640     0.810       11.450 
      row[0].col[26].pe processing_element_N64_62651          13     42.294    11.317       53.611 
        u_fp32_mac      fp32_mac_102382                        5     26.600     3.239       29.839 
          U_ADD         fp32_add_PIPE_STAGES3_102319           3     15.960     1.620       17.580 
          U_MUL         fp32_mul_PIPE_STAGES2_106477           2     10.640     0.810       11.450 
      row[0].col[27].pe processing_element_N64_62650          13     42.294    11.317       53.611 
        u_fp32_mac      fp32_mac_102381                        5     26.600     3.239       29.839 
          U_ADD         fp32_add_PIPE_STAGES3_102318           3     15.960     1.620       17.580 
          U_MUL         fp32_mul_PIPE_STAGES2_106476           2     10.640     0.810       11.450 
      row[0].col[28].pe processing_element_N64_62649          13     42.294    11.317       53.611 
        u_fp32_mac      fp32_mac_102380                        5     26.600     3.239       29.839 
          U_ADD         fp32_add_PIPE_STAGES3_102317           3     15.960     1.620       17.580 
          U_MUL         fp32_mul_PIPE_STAGES2_106475           2     10.640     0.810       11.450 
      row[0].col[29].pe processing_element_N64_62648          13     42.294    11.317       53.611 
        u_fp32_mac      fp32_mac_102379                        5     26.600     3.239       29.839 
          U_ADD         fp32_add_PIPE_STAGES3_102316           3     15.960     1.620       17.580 
          U_MUL         fp32_mul_PIPE_STAGES2_106474           2     10.640     0.810       11.450 
      row[0].col[2].pe  processing_element_N64_62675          13     42.294    11.317       53.611 
        u_fp32_mac      fp32_mac_102406                        5     26.600     3.239       29.839 
          U_ADD         fp32_add_PIPE_STAGES3_102343           3     15.960     1.620       17.580 
          U_MUL         fp32_mul_PIPE_STAGES2_106501           2     10.640     0.810       11.450 
      row[0].col[30].pe processing_element_N64_62647          13     42.294    11.317       53.611 
        u_fp32_mac      fp32_mac_102378                        5     26.600     3.239       29.839 
          U_ADD         fp32_add_PIPE_STAGES3_102315           3     15.960     1.620       17.580 
          U_MUL         fp32_mul_PIPE_STAGES2_106473           2     10.640     0.810       11.450 
      row[0].col[31].pe processing_element_N64_62646          13     42.294    11.317       53.611 
        u_fp32_mac      fp32_mac_102377                        5     26.600     3.239       29.839 
          U_ADD         fp32_add_PIPE_STAGES3_102314           3     15.960     1.620       17.580 
          U_MUL         fp32_mul_PIPE_STAGES2_106472           2     10.640     0.810       11.450 
      row[0].col[32].pe processing_element_N64_62645          13     42.294    11.317       53.611 
        u_fp32_mac      fp32_mac_102376                        5     26.600     3.239       29.839 
          U_ADD         fp32_add_PIPE_STAGES3_102313           3     15.960     1.620       17.580 
          U_MUL         fp32_mul_PIPE_STAGES2_106471           2     10.640     0.810       11.450 
      row[0].col[33].pe processing_element_N64_62644          13     42.294    11.317       53.611 
        u_fp32_mac      fp32_mac_102375                        5     26.600     3.239       29.839 
          U_ADD         fp32_add_PIPE_STAGES3_102312           3     15.960     1.620       17.580 
          U_MUL         fp32_mul_PIPE_STAGES2_106470           2     10.640     0.810       11.450 
      row[0].col[34].pe processing_element_N64_62643          13     42.294    11.317       53.611 
        u_fp32_mac      fp32_mac_102374                        5     26.600     3.239       29.839 
          U_ADD         fp32_add_PIPE_STAGES3_102311           3     15.960     1.620       17.580 
          U_MUL         fp32_mul_PIPE_STAGES2_106469           2     10.640     0.810       11.450 
      row[0].col[35].pe processing_element_N64_62642          13     42.294    11.317       53.611 
        u_fp32_mac      fp32_mac_102373                        5     26.600     3.239       29.839 
          U_ADD         fp32_add_PIPE_STAGES3_102310           3     15.960     1.620       17.580 
          U_MUL         fp32_mul_PIPE_STAGES2_106468           2     10.640     0.810       11.450 
      row[0].col[36].pe processing_element_N64_62641          13     42.294    11.317       53.611 
        u_fp32_mac      fp32_mac_102372                        5     26.600     3.239       29.839 
          U_ADD         fp32_add_PIPE_STAGES3_102309           3     15.960     1.620       17.580 
          U_MUL         fp32_mul_PIPE_STAGES2_106467           2     10.640     0.810       11.450 
      row[0].col[37].pe processing_element_N64_62640          13     42.294    11.317       53.611 
        u_fp32_mac      fp32_mac_102371                        5     26.600     3.239       29.839 
          U_ADD         fp32_add_PIPE_STAGES3_102308           3     15.960     1.620       17.580 
          U_MUL         fp32_mul_PIPE_STAGES2_106466           2     10.640     0.810       11.450 
      row[0].col[38].pe processing_element_N64_62639          13     42.294    11.317       53.611 
        u_fp32_mac      fp32_mac_102370                        5     26.600     3.239       29.839 
          U_ADD         fp32_add_PIPE_STAGES3_102307           3     15.960     1.620       17.580 
          U_MUL         fp32_mul_PIPE_STAGES2_106465           2     10.640     0.810       11.450 
      row[0].col[39].pe processing_element_N64_62638          13     42.294    11.317       53.611 
        u_fp32_mac      fp32_mac_102369                        5     26.600     3.239       29.839 
          U_ADD         fp32_add_PIPE_STAGES3_102306           3     15.960     1.620       17.580 
          U_MUL         fp32_mul_PIPE_STAGES2_106464           2     10.640     0.810       11.450 
      row[0].col[3].pe  processing_element_N64_62674          13     42.294    11.317       53.611 
        u_fp32_mac      fp32_mac_102405                        5     26.600     3.239       29.839 
          U_ADD         fp32_add_PIPE_STAGES3_102342           3     15.960     1.620       17.580 
          U_MUL         fp32_mul_PIPE_STAGES2_106500           2     10.640     0.810       11.450 
      row[0].col[40].pe processing_element_N64_62637          13     42.294    11.317       53.611 
        u_fp32_mac      fp32_mac_102368                        5     26.600     3.239       29.839 
          U_ADD         fp32_add_PIPE_STAGES3_102305           3     15.960     1.620       17.580 
          U_MUL         fp32_mul_PIPE_STAGES2_106463           2     10.640     0.810       11.450 
      row[0].col[41].pe processing_element_N64_62636          13     42.294    11.317       53.611 
        u_fp32_mac      fp32_mac_102367                        5     26.600     3.239       29.839 
          U_ADD         fp32_add_PIPE_STAGES3_102304           3     15.960     1.620       17.580 
          U_MUL         fp32_mul_PIPE_STAGES2_106462           2     10.640     0.810       11.450 
      row[0].col[42].pe processing_element_N64_62635          13     42.294    11.317       53.611 
        u_fp32_mac      fp32_mac_102366                        5     26.600     3.239       29.839 
          U_ADD         fp32_add_PIPE_STAGES3_102303           3     15.960     1.620       17.580 
          U_MUL         fp32_mul_PIPE_STAGES2_106461           2     10.640     0.810       11.450 
      row[0].col[43].pe processing_element_N64_62634          13     42.294    11.317       53.611 
        u_fp32_mac      fp32_mac_102365                        5     26.600     3.239       29.839 
          U_ADD         fp32_add_PIPE_STAGES3_102302           3     15.960     1.620       17.580 
          U_MUL         fp32_mul_PIPE_STAGES2_106460           2     10.640     0.810       11.450 
      row[0].col[44].pe processing_element_N64_62633          13     42.294    11.317       53.611 
        u_fp32_mac      fp32_mac_102364                        5     26.600     3.239       29.839 
          U_ADD         fp32_add_PIPE_STAGES3_102301           3     15.960     1.620       17.580 
          U_MUL         fp32_mul_PIPE_STAGES2_106459           2     10.640     0.810       11.450 
      row[0].col[45].pe processing_element_N64_62632          13     42.294    11.317       53.611 
        u_fp32_mac      fp32_mac_102363                        5     26.600     3.239       29.839 
          U_ADD         fp32_add_PIPE_STAGES3_102300           3     15.960     1.620       17.580 
          U_MUL         fp32_mul_PIPE_STAGES2_106458           2     10.640     0.810       11.450 
      row[0].col[46].pe processing_element_N64_62631          13     42.294    11.317       53.611 
        u_fp32_mac      fp32_mac_102362                        5     26.600     3.239       29.839 
          U_ADD         fp32_add_PIPE_STAGES3_102299           3     15.960     1.620       17.580 
          U_MUL         fp32_mul_PIPE_STAGES2_106457           2     10.640     0.810       11.450 
      row[0].col[47].pe processing_element_N64_62630          13     42.294    11.317       53.611 
        u_fp32_mac      fp32_mac_102361                        5     26.600     3.239       29.839 
          U_ADD         fp32_add_PIPE_STAGES3_102298           3     15.960     1.620       17.580 
          U_MUL         fp32_mul_PIPE_STAGES2_106456           2     10.640     0.810       11.450 
      row[0].col[48].pe processing_element_N64_62629          13     42.294    11.317       53.611 
        u_fp32_mac      fp32_mac_102360                        5     26.600     3.239       29.839 
          U_ADD         fp32_add_PIPE_STAGES3_102297           3     15.960     1.620       17.580 
          U_MUL         fp32_mul_PIPE_STAGES2_106455           2     10.640     0.810       11.450 
      row[0].col[49].pe processing_element_N64_62628          13     42.294    11.317       53.611 
        u_fp32_mac      fp32_mac_102359                        5     26.600     3.239       29.839 
          U_ADD         fp32_add_PIPE_STAGES3_102296           3     15.960     1.620       17.580 
          U_MUL         fp32_mul_PIPE_STAGES2_106454           2     10.640     0.810       11.450 
      row[0].col[4].pe  processing_element_N64_62673          13     42.294    11.317       53.611 
        u_fp32_mac      fp32_mac_102404                        5     26.600     3.239       29.839 
          U_ADD         fp32_add_PIPE_STAGES3_102341           3     15.960     1.620       17.580 
          U_MUL         fp32_mul_PIPE_STAGES2_106499           2     10.640     0.810       11.450 
      row[0].col[50].pe processing_element_N64_62627          13     42.294    11.317       53.611 
        u_fp32_mac      fp32_mac_102358                        5     26.600     3.239       29.839 
          U_ADD         fp32_add_PIPE_STAGES3_102295           3     15.960     1.620       17.580 
          U_MUL         fp32_mul_PIPE_STAGES2_106453           2     10.640     0.810       11.450 
      row[0].col[51].pe processing_element_N64_62626          13     42.294    11.317       53.611 
        u_fp32_mac      fp32_mac_102357                        5     26.600     3.239       29.839 
          U_ADD         fp32_add_PIPE_STAGES3_102294           3     15.960     1.620       17.580 
          U_MUL         fp32_mul_PIPE_STAGES2_106452           2     10.640     0.810       11.450 
      row[0].col[52].pe processing_element_N64_62625          13     42.294    11.317       53.611 
        u_fp32_mac      fp32_mac_102356                        5     26.600     3.239       29.839 
          U_ADD         fp32_add_PIPE_STAGES3_102293           3     15.960     1.620       17.580 
          U_MUL         fp32_mul_PIPE_STAGES2_106451           2     10.640     0.810       11.450 
      row[0].col[53].pe processing_element_N64_62624          13     42.294    11.317       53.611 
        u_fp32_mac      fp32_mac_102355                        5     26.600     3.239       29.839 
          U_ADD         fp32_add_PIPE_STAGES3_102292           3     15.960     1.620       17.580 
          U_MUL         fp32_mul_PIPE_STAGES2_106450           2     10.640     0.810       11.450 
      row[0].col[54].pe processing_element_N64_62623          13     42.294    11.317       53.611 
        u_fp32_mac      fp32_mac_102354                        5     26.600     3.239       29.839 
          U_ADD         fp32_add_PIPE_STAGES3_102291           3     15.960     1.620       17.580 
          U_MUL         fp32_mul_PIPE_STAGES2_106449           2     10.640     0.810       11.450 
      row[0].col[55].pe processing_element_N64_62622          13     42.294    11.317       53.611 
        u_fp32_mac      fp32_mac_102353                        5     26.600     3.239       29.839 
          U_ADD         fp32_add_PIPE_STAGES3_102290           3     15.960     1.620       17.580 
          U_MUL         fp32_mul_PIPE_STAGES2_106448           2     10.640     0.810       11.450 
      row[0].col[56].pe processing_element_N64_62621          13     42.294    11.317       53.611 
        u_fp32_mac      fp32_mac_102352                        5     26.600     3.239       29.839 
          U_ADD         fp32_add_PIPE_STAGES3_102289           3     15.960     1.620       17.580 
          U_MUL         fp32_mul_PIPE_STAGES2_106447           2     10.640     0.810       11.450 
      row[0].col[57].pe processing_element_N64_62620          13     42.294    11.317       53.611 
        u_fp32_mac      fp32_mac_102351                        5     26.600     3.239       29.839 
          U_ADD         fp32_add_PIPE_STAGES3_102288           3     15.960     1.620       17.580 
          U_MUL         fp32_mul_PIPE_STAGES2_106446           2     10.640     0.810       11.450 
      row[0].col[58].pe processing_element_N64_62619          13     42.294    11.317       53.611 
        u_fp32_mac      fp32_mac_102350                        5     26.600     3.239       29.839 
          U_ADD         fp32_add_PIPE_STAGES3_102287           3     15.960     1.620       17.580 
          U_MUL         fp32_mul_PIPE_STAGES2_106445           2     10.640     0.810       11.450 
      row[0].col[59].pe processing_element_N64_62618          13     42.294    11.317       53.611 
        u_fp32_mac      fp32_mac_102349                        5     26.600     3.239       29.839 
          U_ADD         fp32_add_PIPE_STAGES3_102286           3     15.960     1.620       17.580 
          U_MUL         fp32_mul_PIPE_STAGES2_106444           2     10.640     0.810       11.450 
      row[0].col[5].pe  processing_element_N64_62672          13     42.294    11.317       53.611 
        u_fp32_mac      fp32_mac_102403                        5     26.600     3.239       29.839 
          U_ADD         fp32_add_PIPE_STAGES3_102340           3     15.960     1.620       17.580 
          U_MUL         fp32_mul_PIPE_STAGES2_106498           2     10.640     0.810       11.450 
      row[0].col[60].pe processing_element_N64_62617          13     42.294    11.317       53.611 
        u_fp32_mac      fp32_mac_102348                        5     26.600     3.239       29.839 
          U_ADD         fp32_add_PIPE_STAGES3_102285           3     15.960     1.620       17.580 
          U_MUL         fp32_mul_PIPE_STAGES2_106443           2     10.640     0.810       11.450 
      row[0].col[61].pe processing_element_N64_62616          13     42.294    11.317       53.611 
        u_fp32_mac      fp32_mac_102347                        5     26.600     3.239       29.839 
          U_ADD         fp32_add_PIPE_STAGES3_102284           3     15.960     1.620       17.580 
          U_MUL         fp32_mul_PIPE_STAGES2_106442           2     10.640     0.810       11.450 
      row[0].col[62].pe processing_element_N64_62615          13     42.294    11.317       53.611 
        u_fp32_mac      fp32_mac_102346                        5     26.600     3.239       29.839 
          U_ADD         fp32_add_PIPE_STAGES3_102283           3     15.960     1.620       17.580 
          U_MUL         fp32_mul_PIPE_STAGES2_106441           2     10.640     0.810       11.450 
      row[0].col[63].pe processing_element_N64_62614          13     42.294    11.317       53.611 
        u_fp32_mac      fp32_mac_102345                        5     26.600     3.239       29.839 
          U_ADD         fp32_add_PIPE_STAGES3_102282           3     15.960     1.620       17.580 
          U_MUL         fp32_mul_PIPE_STAGES2_106440           2     10.640     0.810       11.450 
      row[0].col[6].pe  processing_element_N64_62671          13     42.294    11.317       53.611 
        u_fp32_mac      fp32_mac_102402                        5     26.600     3.239       29.839 
          U_ADD         fp32_add_PIPE_STAGES3_102339           3     15.960     1.620       17.580 
          U_MUL         fp32_mul_PIPE_STAGES2_106497           2     10.640     0.810       11.450 
      row[0].col[7].pe  processing_element_N64_62670          13     42.294    11.317       53.611 
        u_fp32_mac      fp32_mac_102401                        5     26.600     3.239       29.839 
          U_ADD         fp32_add_PIPE_STAGES3_102338           3     15.960     1.620       17.580 
          U_MUL         fp32_mul_PIPE_STAGES2_106496           2     10.640     0.810       11.450 
      row[0].col[8].pe  processing_element_N64_62669          13     42.294    11.317       53.611 
        u_fp32_mac      fp32_mac_102400                        5     26.600     3.239       29.839 
          U_ADD         fp32_add_PIPE_STAGES3_102337           3     15.960     1.620       17.580 
          U_MUL         fp32_mul_PIPE_STAGES2_106495           2     10.640     0.810       11.450 
      row[0].col[9].pe  processing_element_N64_62668          13     42.294    11.317       53.611 
        u_fp32_mac      fp32_mac_102399                        5     26.600     3.239       29.839 
          U_ADD         fp32_add_PIPE_STAGES3_102336           3     15.960     1.620       17.580 
          U_MUL         fp32_mul_PIPE_STAGES2_106494           2     10.640     0.810       11.450 
