============================================================
  Generated by:           Genus(TM) Synthesis Solution 25.11-s095_1
  Generated on:           Nov 29 2025  01:30:48 am
  Operating conditions:   typical 
  Interconnect mode:      global
  Area mode:              physical library
============================================================

                                                     
   Gate    Instances   Area           Library        
-----------------------------------------------------
AND2_X1           61   64.904 NangateOpenCellLibrary 
AND3_X1           65   86.450 NangateOpenCellLibrary 
AND4_X1           44   70.224 NangateOpenCellLibrary 
AOI211_X1          1    1.330 NangateOpenCellLibrary 
AOI21_X1          84   89.376 NangateOpenCellLibrary 
AOI22_X1          48   63.840 NangateOpenCellLibrary 
CLKBUF_X2          1    1.064 NangateOpenCellLibrary 
DFFR_X1          867 4612.440 NangateOpenCellLibrary 
DFFR_X2            1    5.852 NangateOpenCellLibrary 
DFFS_X1            1    5.320 NangateOpenCellLibrary 
HA_X1            228  606.480 NangateOpenCellLibrary 
INV_X1           230  122.360 NangateOpenCellLibrary 
INV_X2             1    0.798 NangateOpenCellLibrary 
INV_X4             1    1.330 NangateOpenCellLibrary 
MUX2_X1            3    5.586 NangateOpenCellLibrary 
NAND2_X1          90   71.820 NangateOpenCellLibrary 
NAND3_X1          46   48.944 NangateOpenCellLibrary 
NAND4_X1          26   34.580 NangateOpenCellLibrary 
NOR2_X1          257  205.086 NangateOpenCellLibrary 
NOR3_X1            6    6.384 NangateOpenCellLibrary 
NOR4_X1           20   26.600 NangateOpenCellLibrary 
OAI211_X1          1    1.330 NangateOpenCellLibrary 
OAI21_X1          38   40.432 NangateOpenCellLibrary 
OAI22_X1          25   33.250 NangateOpenCellLibrary 
OAI33_X1           1    1.862 NangateOpenCellLibrary 
OR2_X1            55   58.520 NangateOpenCellLibrary 
OR2_X2             1    1.330 NangateOpenCellLibrary 
OR3_X1             1    1.330 NangateOpenCellLibrary 
OR4_X1             3    4.788 NangateOpenCellLibrary 
SDFFR_X1          46  305.900 NangateOpenCellLibrary 
XOR2_X1           26   41.496 NangateOpenCellLibrary 
-----------------------------------------------------
total           2278 6621.006                        
                                         
     Type      Instances   Area   Area % 
-----------------------------------------
sequential           915 4929.512   74.5 
inverter             232  124.488    1.9 
buffer                 1    1.064    0.0 
logic               9194 1565.942   23.7 
physical_cells         0    0.000    0.0 
-----------------------------------------
total              10342 6621.006  100.0 
