============================================================
  Generated by:           Genus(TM) Synthesis Solution 25.11-s095_1
  Generated on:           Nov 29 2025  01:30:49 am
  Module:                 top
  Operating conditions:   typical 
  Interconnect mode:      global
  Area mode:              physical library
============================================================

Timing
--------

Clock Period 
-------------
clk   1000.0 


  Cost    Critical         Violating 
 Group   Path Slack  TNS     Paths   
-------------------------------------
clk           285.3   0.0          0 
default    No paths   0.0            
-------------------------------------
Total                 0.0          0 

Instance Count
--------------
Leaf Instance Count             2278 
Physical Instance count            0 
Sequential Instance Count        915 
Combinational Instance Count    1363 
Hierarchical Instance Count     8323 

Area
----
Cell Area                          6621.006
Physical Cell Area                 0.000
Total Cell Area (Cell+Physical)    6621.006
Net Area                           3448.844
Total Area (Cell+Physical+Net)     10069.850

Max Fanout                         6559 (RDVALID)
Min Fanout                         0 (controller_sc_out[0])
Average Fanout                     0.0
Terms to net ratio                 0.0112
Terms to instance ratio            4.0975
Runtime                            8098.973061 seconds
Elapsed Runtime                    8047 seconds
Genus peak memory usage            64689.59 
Innovus peak memory usage          no_value 
Hostname                           asicfab.ecn.purdue.edu
